(0, {'status_code': 205, 'place_id': None})
(1, {'status_code': 205, 'place_id': None})
(2, {'status_code': 205, 'place_id': None})
(3, {'status_code': 205, 'place_id': None})
(4, {'status_code': 205, 'place_id': None})
(5, {'status_code': 201, 'place_id': u'ChIJ3-m-BoYhRjcRaLPxExRndVw'})
(6, {'status_code': 205, 'place_id': None})
(7, {'status_code': 205, 'place_id': None})
(8, {'status_code': 205, 'place_id': None})
(9, {'status_code': 205, 'place_id': None})
(10, {'status_code': 205, 'place_id': None})
(11, {'status_code': 205, 'place_id': None})
(12, {'status_code': 205, 'place_id': None})
(13, {'status_code': 205, 'place_id': None})
(14, {'status_code': 205, 'place_id': None})
(15, {'status_code': 205, 'place_id': None})
(16, {'status_code': 205, 'place_id': None})
(17, {'status_code': 205, 'place_id': None})
(18, {'status_code': 205, 'place_id': None})
(19, {'status_code': 205, 'place_id': None})
(20, {'status_code': 205, 'place_id': None})
(21, {'status_code': 205, 'place_id': None})
(22, {'status_code': 205, 'place_id': None})
(23, {'status_code': 205, 'place_id': None})
(24, {'status_code': 201, 'place_id': u'ChIJc4LlX7FrQzkRbSGThG-2MM8'})
(25, {'status_code': 205, 'place_id': None})
(26, {'status_code': 205, 'place_id': None})
(27, {'status_code': 205, 'place_id': None})
(28, {'status_code': 205, 'place_id': None})
(29, {'status_code': 205, 'place_id': None})
(30, {'status_code': 205, 'place_id': None})
(31, {'status_code': 205, 'place_id': None})
(32, {'status_code': 205, 'place_id': None})
(33, {'status_code': 205, 'place_id': None})
(34, {'status_code': 205, 'place_id': None})
(35, {'status_code': 205, 'place_id': None})
(36, {'status_code': 205, 'place_id': None})
(37, {'status_code': 205, 'place_id': None})
(38, {'status_code': 205, 'place_id': None})
(39, {'status_code': 205, 'place_id': None})
(40, {'status_code': 205, 'place_id': None})
(41, {'status_code': 205, 'place_id': None})
(42, {'status_code': 205, 'place_id': None})
(43, {'status_code': 205, 'place_id': None})
(44, {'status_code': 205, 'place_id': None})
(45, {'status_code': 205, 'place_id': None})
(46, {'status_code': 205, 'place_id': None})
(47, {'status_code': 201, 'place_id': u'ChIJCXDaLdWfSDcRKDPJvNGrWSg'})
(48, {'status_code': 205, 'place_id': None})
(49, {'status_code': 205, 'place_id': None})
(50, {'status_code': 205, 'place_id': None})
(51, {'status_code': 205, 'place_id': None})
(52, {'status_code': 205, 'place_id': None})
(53, {'status_code': 205, 'place_id': None})
(54, {'status_code': 205, 'place_id': None})
(55, {'status_code': 205, 'place_id': None})
(56, {'status_code': 205, 'place_id': None})
(57, {'status_code': 205, 'place_id': None})
(58, {'status_code': 205, 'place_id': None})
(59, {'status_code': 205, 'place_id': None})
(60, {'status_code': 205, 'place_id': None})
(61, {'status_code': 205, 'place_id': None})
(62, {'status_code': 205, 'place_id': None})
(63, {'status_code': 205, 'place_id': None})
(64, {'status_code': 205, 'place_id': None})
(65, {'status_code': 205, 'place_id': None})
(66, {'status_code': 205, 'place_id': None})
(67, {'status_code': 205, 'place_id': None})
(68, {'status_code': 205, 'place_id': None})
(69, {'status_code': 201, 'place_id': u'ChIJNaXZAJshRjcRith3T4GnzJ8'})
(70, {'status_code': 205, 'place_id': None})
(71, {'status_code': 205, 'place_id': None})
(72, {'status_code': 205, 'place_id': None})
(73, {'status_code': 205, 'place_id': None})
(74, {'status_code': 205, 'place_id': None})
(75, {'status_code': 205, 'place_id': None})
(76, {'status_code': 205, 'place_id': None})
(77, {'status_code': 205, 'place_id': None})
(78, {'status_code': 205, 'place_id': None})
(79, {'status_code': 205, 'place_id': None})
(80, {'status_code': 205, 'place_id': None})
(81, {'status_code': 205, 'place_id': None})
(82, {'status_code': 205, 'place_id': None})
(83, {'status_code': 205, 'place_id': None})
(84, {'status_code': 201, 'place_id': u'ChIJ2w3Btv6bRzcRGzTz-eZ6K10'})
(85, {'status_code': 205, 'place_id': None})
(86, {'status_code': 205, 'place_id': None})
(87, {'status_code': 205, 'place_id': None})
(88, {'status_code': 205, 'place_id': None})
(89, {'status_code': 201, 'place_id': u'ChIJ63Ez7DuCSDcRMcnw-Cdaud8'})
(90, {'status_code': 205, 'place_id': None})
(91, {'status_code': 205, 'place_id': None})
(92, {'status_code': 205, 'place_id': None})
(93, {'status_code': 205, 'place_id': None})
(94, {'status_code': 205, 'place_id': None})
(95, {'status_code': 205, 'place_id': None})
(96, {'status_code': 205, 'place_id': None})
(97, {'status_code': 205, 'place_id': None})
(98, {'status_code': 205, 'place_id': None})
(99, {'status_code': 205, 'place_id': None})
(100, {'status_code': 205, 'place_id': None})
(101, {'status_code': 205, 'place_id': None})
(102, {'status_code': 205, 'place_id': None})
(103, {'status_code': 205, 'place_id': None})
(104, {'status_code': 205, 'place_id': None})
(105, {'status_code': 205, 'place_id': None})
(106, {'status_code': 205, 'place_id': None})
(107, {'status_code': 201, 'place_id': u'ChIJPTFcsQohRjcRUXLP53JTEvU'})
(108, {'status_code': 205, 'place_id': None})
(109, {'status_code': 205, 'place_id': None})
(110, {'status_code': 205, 'place_id': None})
(111, {'status_code': 205, 'place_id': None})
(112, {'status_code': 205, 'place_id': None})
(113, {'status_code': 205, 'place_id': None})
(114, {'status_code': 205, 'place_id': None})
(115, {'status_code': 205, 'place_id': None})
(116, {'status_code': 205, 'place_id': None})
(117, {'status_code': 205, 'place_id': None})
(118, {'status_code': 205, 'place_id': None})
(119, {'status_code': 205, 'place_id': None})
(120, {'status_code': 205, 'place_id': None})
(121, {'status_code': 205, 'place_id': None})
(122, {'status_code': 205, 'place_id': None})
(123, {'status_code': 205, 'place_id': None})
(124, {'status_code': 205, 'place_id': None})
(125, {'status_code': 201, 'place_id': u'ChIJTUz8UmniRTcRgT3yhZ2zVzQ'})
(126, {'status_code': 205, 'place_id': None})
(127, {'status_code': 205, 'place_id': None})
(128, {'status_code': 205, 'place_id': None})
(129, {'status_code': 205, 'place_id': None})
(130, {'status_code': 205, 'place_id': None})
(131, {'status_code': 205, 'place_id': None})
(132, {'status_code': 205, 'place_id': None})
(133, {'status_code': 205, 'place_id': None})
(134, {'status_code': 205, 'place_id': None})
(135, {'status_code': 205, 'place_id': None})
(136, {'status_code': 205, 'place_id': None})
(137, {'status_code': 205, 'place_id': None})
(138, {'status_code': 205, 'place_id': None})
(139, {'status_code': 205, 'place_id': None})
(140, {'status_code': 205, 'place_id': None})
(141, {'status_code': 201, 'place_id': u'ChIJRVCP7HPNVDoREwuR9Z0T1co'})
(142, {'status_code': 201, 'place_id': u'ChIJ34z3UClaRjcR49ybQyy5xVM'})
(143, {'status_code': 205, 'place_id': None})
(144, {'status_code': 205, 'place_id': None})
(145, {'status_code': 201, 'place_id': u'ChIJh7yR_ElI-DkR6hlMrOtvgS8'})
(146, {'status_code': 201, 'place_id': u'ChIJW1WKn-ObRzcROU9tjTQoMkk'})
(147, {'status_code': 205, 'place_id': None})
(148, {'status_code': 205, 'place_id': None})
(149, {'status_code': 205, 'place_id': None})
(150, {'status_code': 205, 'place_id': None})
(151, {'status_code': 205, 'place_id': None})
(152, {'status_code': 205, 'place_id': None})
(153, {'status_code': 205, 'place_id': None})
(154, {'status_code': 205, 'place_id': None})
(155, {'status_code': 205, 'place_id': None})
(156, {'status_code': 205, 'place_id': None})
(157, {'status_code': 205, 'place_id': None})
(158, {'status_code': 205, 'place_id': None})
(159, {'status_code': 205, 'place_id': None})
(160, {'status_code': 205, 'place_id': None})
(161, {'status_code': 205, 'place_id': None})
(162, {'status_code': 205, 'place_id': None})
(163, {'status_code': 205, 'place_id': None})
(164, {'status_code': 205, 'place_id': None})
(165, {'status_code': 205, 'place_id': None})
(166, {'status_code': 205, 'place_id': None})
(167, {'status_code': 201, 'place_id': u'ChIJYwn3ddFfRzcRDbjLcppeUtc'})
(168, {'status_code': 201, 'place_id': u'ChIJh5CdAoMIRjcRqikmyQ-z8Ic'})
(169, {'status_code': 201, 'place_id': u'ChIJWaXoA3wIRjcR-BJ7MeoqGS0'})
(170, {'status_code': 205, 'place_id': None})
(171, {'status_code': 205, 'place_id': None})
(172, {'status_code': 205, 'place_id': None})
(173, {'status_code': 205, 'place_id': None})
(174, {'status_code': 205, 'place_id': None})
(175, {'status_code': 205, 'place_id': None})
(176, {'status_code': 205, 'place_id': None})
(177, {'status_code': 205, 'place_id': None})
(178, {'status_code': 205, 'place_id': None})
(179, {'status_code': 205, 'place_id': None})
(180, {'status_code': 205, 'place_id': None})
(181, {'status_code': 205, 'place_id': None})
(182, {'status_code': 205, 'place_id': None})
(183, {'status_code': 205, 'place_id': None})
(184, {'status_code': 205, 'place_id': None})
(185, {'status_code': 205, 'place_id': None})
(186, {'status_code': 205, 'place_id': None})
(187, {'status_code': 205, 'place_id': None})
(188, {'status_code': 205, 'place_id': None})
(189, {'status_code': 205, 'place_id': None})
(190, {'status_code': 205, 'place_id': None})
(191, {'status_code': 205, 'place_id': None})
(192, {'status_code': 205, 'place_id': None})
(193, {'status_code': 205, 'place_id': None})
(194, {'status_code': 205, 'place_id': None})
(195, {'status_code': 205, 'place_id': None})
(196, {'status_code': 205, 'place_id': None})
(197, {'status_code': 205, 'place_id': None})
(198, {'status_code': 205, 'place_id': None})
(199, {'status_code': 205, 'place_id': None})
(200, {'status_code': 205, 'place_id': None})
(201, {'status_code': 205, 'place_id': None})
(202, {'status_code': 205, 'place_id': None})
(203, {'status_code': 205, 'place_id': None})
(204, {'status_code': 205, 'place_id': None})
(205, {'status_code': 205, 'place_id': None})
(206, {'status_code': 205, 'place_id': None})
(207, {'status_code': 205, 'place_id': None})
(208, {'status_code': 205, 'place_id': None})
(209, {'status_code': 205, 'place_id': None})
(210, {'status_code': 205, 'place_id': None})
(211, {'status_code': 205, 'place_id': None})
(212, {'status_code': 205, 'place_id': None})
(213, {'status_code': 205, 'place_id': None})
(214, {'status_code': 205, 'place_id': None})
(215, {'status_code': 205, 'place_id': None})
(216, {'status_code': 205, 'place_id': None})
(217, {'status_code': 201, 'place_id': u'ChIJKWq6wk-CSDcRxKMtP1EoUKA'})
(218, {'status_code': 205, 'place_id': None})
(219, {'status_code': 205, 'place_id': None})
(220, {'status_code': 205, 'place_id': None})
(221, {'status_code': 205, 'place_id': None})
(222, {'status_code': 205, 'place_id': None})
(223, {'status_code': 205, 'place_id': None})
(224, {'status_code': 205, 'place_id': None})
(225, {'status_code': 205, 'place_id': None})
(226, {'status_code': 205, 'place_id': None})
(227, {'status_code': 205, 'place_id': None})
(228, {'status_code': 205, 'place_id': None})
(229, {'status_code': 205, 'place_id': None})
(230, {'status_code': 205, 'place_id': None})
(231, {'status_code': 205, 'place_id': None})
(232, {'status_code': 205, 'place_id': None})
(233, {'status_code': 205, 'place_id': None})
(234, {'status_code': 205, 'place_id': None})
(235, {'status_code': 205, 'place_id': None})
(236, {'status_code': 205, 'place_id': None})
(237, {'status_code': 205, 'place_id': None})
(238, {'status_code': 205, 'place_id': None})
(239, {'status_code': 201, 'place_id': u'ChIJU1Ahz8TrRzcRKSepOF7aOT4'})
(240, {'status_code': 205, 'place_id': None})
(241, {'status_code': 205, 'place_id': None})
(242, {'status_code': 205, 'place_id': None})
(243, {'status_code': 205, 'place_id': None})
(244, {'status_code': 205, 'place_id': None})
(245, {'status_code': 205, 'place_id': None})
(246, {'status_code': 205, 'place_id': None})
(247, {'status_code': 205, 'place_id': None})
(248, {'status_code': 205, 'place_id': None})
(249, {'status_code': 205, 'place_id': None})
(250, {'status_code': 205, 'place_id': None})
(251, {'status_code': 201, 'place_id': u'ChIJMct22xunRzcRuhYIbRb7vvg'})
(252, {'status_code': 205, 'place_id': None})
(253, {'status_code': 205, 'place_id': None})
(254, {'status_code': 205, 'place_id': None})
(255, {'status_code': 205, 'place_id': None})
(256, {'status_code': 205, 'place_id': None})
(257, {'status_code': 205, 'place_id': None})
(258, {'status_code': 205, 'place_id': None})
(259, {'status_code': 205, 'place_id': None})
(260, {'status_code': 205, 'place_id': None})
(261, {'status_code': 205, 'place_id': None})
(262, {'status_code': 205, 'place_id': None})
(263, {'status_code': 205, 'place_id': None})
(264, {'status_code': 205, 'place_id': None})
(265, {'status_code': 205, 'place_id': None})
(266, {'status_code': 205, 'place_id': None})
(267, {'status_code': 205, 'place_id': None})
(268, {'status_code': 205, 'place_id': None})
(269, {'status_code': 205, 'place_id': None})
(270, {'status_code': 201, 'place_id': u'ChIJu6P4qcVfRzcRaW-m6qjSd0c'})
(271, {'status_code': 205, 'place_id': None})
(272, {'status_code': 201, 'place_id': u'ChIJVUrNqovTRzcR7LKKNju9KXc'})
(273, {'status_code': 205, 'place_id': None})
(274, {'status_code': 205, 'place_id': None})
(275, {'status_code': 205, 'place_id': None})
(276, {'status_code': 205, 'place_id': None})
(277, {'status_code': 205, 'place_id': None})
(278, {'status_code': 205, 'place_id': None})
(279, {'status_code': 205, 'place_id': None})
(280, {'status_code': 205, 'place_id': None})
(281, {'status_code': 205, 'place_id': None})
(282, {'status_code': 201, 'place_id': u'ChIJ58E6BVUgRjcRxFpRTbJkFws'})
(283, {'status_code': 205, 'place_id': None})
(284, {'status_code': 205, 'place_id': None})
(285, {'status_code': 205, 'place_id': None})
(286, {'status_code': 205, 'place_id': None})
(287, {'status_code': 205, 'place_id': None})
(288, {'status_code': 205, 'place_id': None})
(289, {'status_code': 205, 'place_id': None})
(290, {'status_code': 205, 'place_id': None})
(291, {'status_code': 205, 'place_id': None})
(292, {'status_code': 205, 'place_id': None})
(293, {'status_code': 205, 'place_id': None})
(294, {'status_code': 205, 'place_id': None})
(295, {'status_code': 205, 'place_id': None})
(296, {'status_code': 205, 'place_id': None})
(297, {'status_code': 205, 'place_id': None})
(298, {'status_code': 205, 'place_id': None})
(299, {'status_code': 201, 'place_id': u'ChIJlz3dKKq3RzcRsPAKnTaStzw'})
(300, {'status_code': 205, 'place_id': None})
(301, {'status_code': 205, 'place_id': None})
(302, {'status_code': 205, 'place_id': None})
(303, {'status_code': 205, 'place_id': None})
(304, {'status_code': 205, 'place_id': None})
(305, {'status_code': 205, 'place_id': None})
(306, {'status_code': 205, 'place_id': None})
(307, {'status_code': 205, 'place_id': None})
(308, {'status_code': 205, 'place_id': None})
(309, {'status_code': 205, 'place_id': None})
(310, {'status_code': 205, 'place_id': None})
(311, {'status_code': 205, 'place_id': None})
(312, {'status_code': 205, 'place_id': None})
(313, {'status_code': 205, 'place_id': None})
(314, {'status_code': 205, 'place_id': None})
(315, {'status_code': 205, 'place_id': None})
(316, {'status_code': 205, 'place_id': None})
(317, {'status_code': 205, 'place_id': None})
(318, {'status_code': 205, 'place_id': None})
(319, {'status_code': 205, 'place_id': None})
(320, {'status_code': 201, 'place_id': u'ChIJxw8gKbpUTzcRM6Pa71_Scc4'})
(321, {'status_code': 205, 'place_id': None})
(322, {'status_code': 205, 'place_id': None})
(323, {'status_code': 205, 'place_id': None})
(324, {'status_code': 205, 'place_id': None})
(325, {'status_code': 205, 'place_id': None})
(326, {'status_code': 205, 'place_id': None})
(327, {'status_code': 205, 'place_id': None})
(328, {'status_code': 205, 'place_id': None})
(329, {'status_code': 205, 'place_id': None})
(330, {'status_code': 205, 'place_id': None})
(331, {'status_code': 205, 'place_id': None})
(332, {'status_code': 205, 'place_id': None})
(333, {'status_code': 201, 'place_id': u'ChIJ3en87T5PRjcRIfj2QGu-EtA'})
(334, {'status_code': 205, 'place_id': None})
(335, {'status_code': 205, 'place_id': None})
(336, {'status_code': 205, 'place_id': None})
(337, {'status_code': 205, 'place_id': None})
(338, {'status_code': 201, 'place_id': u'ChIJXaaY_NNfRzcRnLhEdEeasAI'})
(339, {'status_code': 205, 'place_id': None})
(340, {'status_code': 205, 'place_id': None})
(341, {'status_code': 205, 'place_id': None})
(342, {'status_code': 205, 'place_id': None})
(343, {'status_code': 205, 'place_id': None})
(344, {'status_code': 205, 'place_id': None})
(345, {'status_code': 205, 'place_id': None})
(346, {'status_code': 205, 'place_id': None})
(347, {'status_code': 201, 'place_id': u'ChIJFY8tz9PjRTcRbzEmHpzrk1k'})
(348, {'status_code': 205, 'place_id': None})
(349, {'status_code': 205, 'place_id': None})
(350, {'status_code': 205, 'place_id': None})
(351, {'status_code': 205, 'place_id': None})
(352, {'status_code': 205, 'place_id': None})
(353, {'status_code': 205, 'place_id': None})
(354, {'status_code': 205, 'place_id': None})
(355, {'status_code': 205, 'place_id': None})
(356, {'status_code': 205, 'place_id': None})
(357, {'status_code': 205, 'place_id': None})
(358, {'status_code': 205, 'place_id': None})
(359, {'status_code': 205, 'place_id': None})
(360, {'status_code': 205, 'place_id': None})
(361, {'status_code': 205, 'place_id': None})
(362, {'status_code': 205, 'place_id': None})
(363, {'status_code': 201, 'place_id': u'ChIJq986N6sfRjcRa1LjsK0Dfxg'})
(364, {'status_code': 205, 'place_id': None})
(365, {'status_code': 205, 'place_id': None})
(366, {'status_code': 205, 'place_id': None})
(367, {'status_code': 205, 'place_id': None})
(368, {'status_code': 205, 'place_id': None})
(369, {'status_code': 205, 'place_id': None})
(370, {'status_code': 205, 'place_id': None})
(371, {'status_code': 205, 'place_id': None})
(372, {'status_code': 205, 'place_id': None})
(373, {'status_code': 205, 'place_id': None})
(374, {'status_code': 205, 'place_id': None})
(375, {'status_code': 205, 'place_id': None})
(376, {'status_code': 205, 'place_id': None})
(377, {'status_code': 205, 'place_id': None})
(378, {'status_code': 205, 'place_id': None})
(379, {'status_code': 201, 'place_id': u'ChIJAQAA8B_iRTcRgRlST3TM8Cw'})
(380, {'status_code': 201, 'place_id': u'ChIJ4w7AYJvhRTcRxyvU9vXIWho'})
(381, {'status_code': 205, 'place_id': None})
(382, {'status_code': 205, 'place_id': None})
(383, {'status_code': 205, 'place_id': None})
(384, {'status_code': 205, 'place_id': None})
(385, {'status_code': 205, 'place_id': None})
(386, {'status_code': 205, 'place_id': None})
(387, {'status_code': 205, 'place_id': None})
(388, {'status_code': 201, 'place_id': u'ChIJ3_gjdQa3RzcR1tnGJh9z2GY'})
(389, {'status_code': 201, 'place_id': u'ChIJC1iziae3RzcRuaYmjC1wris'})
(390, {'status_code': 205, 'place_id': None})
(391, {'status_code': 205, 'place_id': None})
(392, {'status_code': 205, 'place_id': None})
(393, {'status_code': 205, 'place_id': None})
(394, {'status_code': 205, 'place_id': None})
(395, {'status_code': 205, 'place_id': None})
(396, {'status_code': 205, 'place_id': None})
(397, {'status_code': 205, 'place_id': None})
(398, {'status_code': 205, 'place_id': None})
(399, {'status_code': 205, 'place_id': None})
(400, {'status_code': 205, 'place_id': None})
(401, {'status_code': 205, 'place_id': None})
(402, {'status_code': 205, 'place_id': None})
(403, {'status_code': 205, 'place_id': None})
(404, {'status_code': 205, 'place_id': None})
(405, {'status_code': 205, 'place_id': None})
(406, {'status_code': 205, 'place_id': None})
(407, {'status_code': 205, 'place_id': None})
(408, {'status_code': 205, 'place_id': None})
(409, {'status_code': 205, 'place_id': None})
(410, {'status_code': 205, 'place_id': None})
(411, {'status_code': 205, 'place_id': None})
(412, {'status_code': 205, 'place_id': None})
(413, {'status_code': 205, 'place_id': None})
(414, {'status_code': 205, 'place_id': None})
(415, {'status_code': 205, 'place_id': None})
(416, {'status_code': 205, 'place_id': None})
(417, {'status_code': 205, 'place_id': None})
(418, {'status_code': 205, 'place_id': None})
(419, {'status_code': 205, 'place_id': None})
(420, {'status_code': 205, 'place_id': None})
(421, {'status_code': 205, 'place_id': None})
(422, {'status_code': 205, 'place_id': None})
(423, {'status_code': 205, 'place_id': None})
(424, {'status_code': 205, 'place_id': None})
(425, {'status_code': 205, 'place_id': None})
(426, {'status_code': 205, 'place_id': None})
(427, {'status_code': 205, 'place_id': None})
(428, {'status_code': 205, 'place_id': None})
(429, {'status_code': 205, 'place_id': None})
(430, {'status_code': 205, 'place_id': None})
(431, {'status_code': 205, 'place_id': None})
(432, {'status_code': 205, 'place_id': None})
(433, {'status_code': 205, 'place_id': None})
(434, {'status_code': 205, 'place_id': None})
(435, {'status_code': 205, 'place_id': None})
(436, {'status_code': 205, 'place_id': None})
(437, {'status_code': 205, 'place_id': None})
(438, {'status_code': 205, 'place_id': None})
(439, {'status_code': 205, 'place_id': None})
(440, {'status_code': 201, 'place_id': u'ChIJlfC-j9vrRzcREvJLzpNrBCE'})
(441, {'status_code': 205, 'place_id': None})
(442, {'status_code': 205, 'place_id': None})
(443, {'status_code': 205, 'place_id': None})
(444, {'status_code': 205, 'place_id': None})
(445, {'status_code': 205, 'place_id': None})
(446, {'status_code': 205, 'place_id': None})
(447, {'status_code': 201, 'place_id': u'ChIJ31pB1iHiRTcRsiW7VluCAMQ'})
(448, {'status_code': 205, 'place_id': None})
(449, {'status_code': 205, 'place_id': None})
(450, {'status_code': 205, 'place_id': None})
(451, {'status_code': 205, 'place_id': None})
(452, {'status_code': 205, 'place_id': None})
(453, {'status_code': 205, 'place_id': None})
(454, {'status_code': 205, 'place_id': None})
(455, {'status_code': 205, 'place_id': None})
(456, {'status_code': 205, 'place_id': None})
(457, {'status_code': 205, 'place_id': None})
(458, {'status_code': 205, 'place_id': None})
(459, {'status_code': 205, 'place_id': None})
(460, {'status_code': 205, 'place_id': None})
(461, {'status_code': 205, 'place_id': None})
(462, {'status_code': 205, 'place_id': None})
(463, {'status_code': 205, 'place_id': None})
(464, {'status_code': 205, 'place_id': None})
(465, {'status_code': 205, 'place_id': None})
(466, {'status_code': 205, 'place_id': None})
(467, {'status_code': 205, 'place_id': None})
(468, {'status_code': 205, 'place_id': None})
(469, {'status_code': 205, 'place_id': None})
(470, {'status_code': 205, 'place_id': None})
(471, {'status_code': 205, 'place_id': None})
(472, {'status_code': 205, 'place_id': None})
(473, {'status_code': 205, 'place_id': None})
(474, {'status_code': 205, 'place_id': None})
(475, {'status_code': 205, 'place_id': None})
(476, {'status_code': 205, 'place_id': None})
(477, {'status_code': 205, 'place_id': None})
(478, {'status_code': 205, 'place_id': None})
(479, {'status_code': 205, 'place_id': None})
(480, {'status_code': 205, 'place_id': None})
(481, {'status_code': 205, 'place_id': None})
(482, {'status_code': 205, 'place_id': None})
(483, {'status_code': 205, 'place_id': None})
(484, {'status_code': 205, 'place_id': None})
(485, {'status_code': 205, 'place_id': None})
(486, {'status_code': 205, 'place_id': None})
(487, {'status_code': 205, 'place_id': None})
(488, {'status_code': 205, 'place_id': None})
(489, {'status_code': 205, 'place_id': None})
(490, {'status_code': 205, 'place_id': None})
(491, {'status_code': 205, 'place_id': None})
(492, {'status_code': 205, 'place_id': None})
(493, {'status_code': 205, 'place_id': None})
(494, {'status_code': 205, 'place_id': None})
(495, {'status_code': 205, 'place_id': None})
(496, {'status_code': 205, 'place_id': None})
(497, {'status_code': 205, 'place_id': None})
(498, {'status_code': 205, 'place_id': None})
(499, {'status_code': 205, 'place_id': None})
(500, {'status_code': 205, 'place_id': None})
(501, {'status_code': 205, 'place_id': None})
(502, {'status_code': 205, 'place_id': None})
(503, {'status_code': 205, 'place_id': None})
(504, {'status_code': 205, 'place_id': None})
(505, {'status_code': 201, 'place_id': u'ChIJq6qqqsVfRzcRUqC9KIqynrE'})
(506, {'status_code': 205, 'place_id': None})
(507, {'status_code': 205, 'place_id': None})
(508, {'status_code': 205, 'place_id': None})
(509, {'status_code': 205, 'place_id': None})
(510, {'status_code': 205, 'place_id': None})
(511, {'status_code': 205, 'place_id': None})
(512, {'status_code': 205, 'place_id': None})
(513, {'status_code': 205, 'place_id': None})
(514, {'status_code': 205, 'place_id': None})
(515, {'status_code': 201, 'place_id': u'ChIJWStraP3hRTcRY5V7xsS_Ja0'})
(516, {'status_code': 205, 'place_id': None})
(517, {'status_code': 205, 'place_id': None})
(518, {'status_code': 205, 'place_id': None})
(519, {'status_code': 205, 'place_id': None})
(520, {'status_code': 205, 'place_id': None})
(521, {'status_code': 205, 'place_id': None})
(522, {'status_code': 205, 'place_id': None})
(523, {'status_code': 205, 'place_id': None})
(524, {'status_code': 205, 'place_id': None})
(525, {'status_code': 205, 'place_id': None})
(526, {'status_code': 205, 'place_id': None})
(527, {'status_code': 205, 'place_id': None})
(528, {'status_code': 205, 'place_id': None})
(529, {'status_code': 205, 'place_id': None})
(530, {'status_code': 205, 'place_id': None})
(531, {'status_code': 205, 'place_id': None})
(532, {'status_code': 205, 'place_id': None})
(533, {'status_code': 205, 'place_id': None})
(534, {'status_code': 205, 'place_id': None})
(535, {'status_code': 205, 'place_id': None})
(536, {'status_code': 205, 'place_id': None})
(537, {'status_code': 205, 'place_id': None})
(538, {'status_code': 205, 'place_id': None})
(539, {'status_code': 205, 'place_id': None})
(540, {'status_code': 205, 'place_id': None})
(541, {'status_code': 205, 'place_id': None})
(542, {'status_code': 205, 'place_id': None})
(543, {'status_code': 205, 'place_id': None})
(544, {'status_code': 201, 'place_id': u'ChIJBYPA1P2bRzcRio-KTlD6Msw'})
(545, {'status_code': 205, 'place_id': None})
(546, {'status_code': 205, 'place_id': None})
(547, {'status_code': 205, 'place_id': None})
(548, {'status_code': 201, 'place_id': u'ChIJq6qqerMhRjcRw8X6wJTjFeI'})
(549, {'status_code': 201, 'place_id': u'ChIJ-7CySgMhRjcRRVJQyKSud1I'})
(550, {'status_code': 205, 'place_id': None})
(551, {'status_code': 205, 'place_id': None})
(552, {'status_code': 205, 'place_id': None})
(553, {'status_code': 205, 'place_id': None})
(554, {'status_code': 205, 'place_id': None})
(555, {'status_code': 205, 'place_id': None})
(556, {'status_code': 205, 'place_id': None})
(557, {'status_code': 205, 'place_id': None})
(558, {'status_code': 205, 'place_id': None})
(559, {'status_code': 205, 'place_id': None})
(560, {'status_code': 205, 'place_id': None})
(561, {'status_code': 205, 'place_id': None})
(562, {'status_code': 205, 'place_id': None})
(563, {'status_code': 205, 'place_id': None})
(564, {'status_code': 205, 'place_id': None})
(565, {'status_code': 205, 'place_id': None})
(566, {'status_code': 205, 'place_id': None})
(567, {'status_code': 205, 'place_id': None})
(568, {'status_code': 205, 'place_id': None})
(569, {'status_code': 205, 'place_id': None})
(570, {'status_code': 205, 'place_id': None})
(571, {'status_code': 205, 'place_id': None})
(572, {'status_code': 205, 'place_id': None})
(573, {'status_code': 205, 'place_id': None})
(574, {'status_code': 205, 'place_id': None})
(575, {'status_code': 205, 'place_id': None})
(576, {'status_code': 205, 'place_id': None})
(577, {'status_code': 205, 'place_id': None})
(578, {'status_code': 201, 'place_id': u'ChIJSTDoNHjhRTcRrcQqu5ZWxyY'})
(579, {'status_code': 205, 'place_id': None})
(580, {'status_code': 205, 'place_id': None})
(581, {'status_code': 205, 'place_id': None})
(582, {'status_code': 201, 'place_id': u'ChIJHTRJCXYlujsRP5mY0zPROhw'})
(583, {'status_code': 205, 'place_id': None})
(584, {'status_code': 205, 'place_id': None})
(585, {'status_code': 205, 'place_id': None})
(586, {'status_code': 205, 'place_id': None})
(587, {'status_code': 205, 'place_id': None})
(588, {'status_code': 205, 'place_id': None})
(589, {'status_code': 205, 'place_id': None})
(590, {'status_code': 205, 'place_id': None})
(591, {'status_code': 205, 'place_id': None})
(592, {'status_code': 205, 'place_id': None})
(593, {'status_code': 205, 'place_id': None})
(594, {'status_code': 205, 'place_id': None})
(595, {'status_code': 205, 'place_id': None})
(596, {'status_code': 205, 'place_id': None})
(597, {'status_code': 205, 'place_id': None})
(598, {'status_code': 205, 'place_id': None})
(599, {'status_code': 201, 'place_id': u'ChIJmYIphBmuRzcRdNKmrK5CL4o'})
(600, {'status_code': 205, 'place_id': None})
(601, {'status_code': 205, 'place_id': None})
(602, {'status_code': 205, 'place_id': None})
(603, {'status_code': 205, 'place_id': None})
(604, {'status_code': 205, 'place_id': None})
(605, {'status_code': 205, 'place_id': None})
(606, {'status_code': 205, 'place_id': None})
(607, {'status_code': 205, 'place_id': None})
(608, {'status_code': 205, 'place_id': None})
(609, {'status_code': 205, 'place_id': None})
(610, {'status_code': 205, 'place_id': None})
(611, {'status_code': 205, 'place_id': None})
(612, {'status_code': 201, 'place_id': u'ChIJ09b3vhviRTcR8zEMVfQ08Vw'})
(613, {'status_code': 205, 'place_id': None})
(614, {'status_code': 205, 'place_id': None})
(615, {'status_code': 205, 'place_id': None})
(616, {'status_code': 205, 'place_id': None})
(617, {'status_code': 205, 'place_id': None})
(618, {'status_code': 201, 'place_id': u'ChIJR9LAebQhRjcR_XJZxkVkcYQ'})
(619, {'status_code': 205, 'place_id': None})
(620, {'status_code': 205, 'place_id': None})
(621, {'status_code': 205, 'place_id': None})
(622, {'status_code': 205, 'place_id': None})
(623, {'status_code': 205, 'place_id': None})
(624, {'status_code': 205, 'place_id': None})
(625, {'status_code': 205, 'place_id': None})
(626, {'status_code': 205, 'place_id': None})
(627, {'status_code': 205, 'place_id': None})
(628, {'status_code': 205, 'place_id': None})
(629, {'status_code': 205, 'place_id': None})
(630, {'status_code': 201, 'place_id': u'ChIJhSFmzVQiRjcRt374ee4pOV4'})
(631, {'status_code': 205, 'place_id': None})
(632, {'status_code': 205, 'place_id': None})
(633, {'status_code': 205, 'place_id': None})
(634, {'status_code': 205, 'place_id': None})
(635, {'status_code': 205, 'place_id': None})
(636, {'status_code': 205, 'place_id': None})
(637, {'status_code': 205, 'place_id': None})
(638, {'status_code': 205, 'place_id': None})
(639, {'status_code': 205, 'place_id': None})
(640, {'status_code': 205, 'place_id': None})
(641, {'status_code': 205, 'place_id': None})
(642, {'status_code': 205, 'place_id': None})
(643, {'status_code': 205, 'place_id': None})
(644, {'status_code': 205, 'place_id': None})
(645, {'status_code': 201, 'place_id': u'ChIJtdkuDuxnRzcR4yXISDBy6A4'})
(646, {'status_code': 205, 'place_id': None})
(647, {'status_code': 205, 'place_id': None})
(648, {'status_code': 205, 'place_id': None})
(649, {'status_code': 205, 'place_id': None})
(650, {'status_code': 205, 'place_id': None})
(651, {'status_code': 205, 'place_id': None})
(652, {'status_code': 205, 'place_id': None})
(653, {'status_code': 205, 'place_id': None})
(654, {'status_code': 205, 'place_id': None})
(655, {'status_code': 205, 'place_id': None})
(656, {'status_code': 205, 'place_id': None})
(657, {'status_code': 205, 'place_id': None})
(658, {'status_code': 205, 'place_id': None})
(659, {'status_code': 205, 'place_id': None})
(660, {'status_code': 205, 'place_id': None})
(661, {'status_code': 205, 'place_id': None})
(662, {'status_code': 205, 'place_id': None})
(663, {'status_code': 205, 'place_id': None})
(664, {'status_code': 205, 'place_id': None})
(665, {'status_code': 205, 'place_id': None})
(666, {'status_code': 205, 'place_id': None})
(667, {'status_code': 205, 'place_id': None})
(668, {'status_code': 205, 'place_id': None})
(669, {'status_code': 205, 'place_id': None})
(670, {'status_code': 205, 'place_id': None})
(671, {'status_code': 205, 'place_id': None})
(672, {'status_code': 205, 'place_id': None})
(673, {'status_code': 205, 'place_id': None})
(674, {'status_code': 205, 'place_id': None})
(675, {'status_code': 205, 'place_id': None})
(676, {'status_code': 205, 'place_id': None})
(677, {'status_code': 205, 'place_id': None})
(678, {'status_code': 205, 'place_id': None})
(679, {'status_code': 205, 'place_id': None})
(680, {'status_code': 205, 'place_id': None})
(681, {'status_code': 205, 'place_id': None})
(682, {'status_code': 205, 'place_id': None})
(683, {'status_code': 205, 'place_id': None})
(684, {'status_code': 205, 'place_id': None})
(685, {'status_code': 205, 'place_id': None})
(686, {'status_code': 205, 'place_id': None})
(687, {'status_code': 201, 'place_id': u'ChIJh4N4jashRjcRjAQ2w6Dq9x4'})
(688, {'status_code': 201, 'place_id': u'ChIJRYwwBqohRjcR04E85yEAYYk'})
(689, {'status_code': 205, 'place_id': None})
(690, {'status_code': 205, 'place_id': None})
(691, {'status_code': 205, 'place_id': None})
(692, {'status_code': 205, 'place_id': None})
(693, {'status_code': 205, 'place_id': None})
(694, {'status_code': 205, 'place_id': None})
(695, {'status_code': 205, 'place_id': None})
(696, {'status_code': 205, 'place_id': None})
(697, {'status_code': 205, 'place_id': None})
(698, {'status_code': 205, 'place_id': None})
(699, {'status_code': 205, 'place_id': None})
(700, {'status_code': 205, 'place_id': None})
(701, {'status_code': 205, 'place_id': None})
(702, {'status_code': 205, 'place_id': None})
(703, {'status_code': 201, 'place_id': u'ChIJj2hGjqm3RzcRfafRRDwJNZI'})
(704, {'status_code': 205, 'place_id': None})
(705, {'status_code': 205, 'place_id': None})
(706, {'status_code': 201, 'place_id': u'ChIJRVCP7HPNVDoREwuR9Z0T1co'})
(707, {'status_code': 205, 'place_id': None})
(708, {'status_code': 205, 'place_id': None})
(709, {'status_code': 205, 'place_id': None})
(710, {'status_code': 205, 'place_id': None})
(711, {'status_code': 205, 'place_id': None})
(712, {'status_code': 205, 'place_id': None})
(713, {'status_code': 205, 'place_id': None})
(714, {'status_code': 205, 'place_id': None})
(715, {'status_code': 205, 'place_id': None})
(716, {'status_code': 205, 'place_id': None})
(717, {'status_code': 201, 'place_id': u'ChIJ35tCCwupRzcR9o_mZ2leL0w'})
(718, {'status_code': 205, 'place_id': None})
(719, {'status_code': 205, 'place_id': None})
(720, {'status_code': 205, 'place_id': None})
(721, {'status_code': 205, 'place_id': None})
(722, {'status_code': 205, 'place_id': None})
(723, {'status_code': 205, 'place_id': None})
(724, {'status_code': 205, 'place_id': None})
(725, {'status_code': 205, 'place_id': None})
(726, {'status_code': 205, 'place_id': None})
(727, {'status_code': 205, 'place_id': None})
(728, {'status_code': 205, 'place_id': None})
(729, {'status_code': 205, 'place_id': None})
(730, {'status_code': 205, 'place_id': None})
(731, {'status_code': 201, 'place_id': u'ChIJF00rB8ohRjcRHYx9r8v9u48'})
(732, {'status_code': 205, 'place_id': None})
(733, {'status_code': 205, 'place_id': None})
(734, {'status_code': 205, 'place_id': None})
(735, {'status_code': 205, 'place_id': None})
(736, {'status_code': 205, 'place_id': None})
(737, {'status_code': 205, 'place_id': None})
(738, {'status_code': 205, 'place_id': None})
(739, {'status_code': 205, 'place_id': None})
(740, {'status_code': 205, 'place_id': None})
(741, {'status_code': 205, 'place_id': None})
(742, {'status_code': 205, 'place_id': None})
(743, {'status_code': 205, 'place_id': None})
(744, {'status_code': 205, 'place_id': None})
(745, {'status_code': 201, 'place_id': u'ChIJ7Trk9JkhRjcRFhiQutiEZRw'})
(746, {'status_code': 205, 'place_id': None})
(747, {'status_code': 205, 'place_id': None})
(748, {'status_code': 205, 'place_id': None})
(749, {'status_code': 205, 'place_id': None})
(750, {'status_code': 205, 'place_id': None})
(751, {'status_code': 205, 'place_id': None})
(752, {'status_code': 205, 'place_id': None})
(753, {'status_code': 205, 'place_id': None})
(754, {'status_code': 205, 'place_id': None})
(755, {'status_code': 201, 'place_id': u'ChIJ6W0QZ1MgRjcRqaZQVsyvLsI'})
(756, {'status_code': 205, 'place_id': None})
(757, {'status_code': 205, 'place_id': None})
(758, {'status_code': 205, 'place_id': None})
(759, {'status_code': 205, 'place_id': None})
(760, {'status_code': 205, 'place_id': None})
(761, {'status_code': 205, 'place_id': None})
(762, {'status_code': 205, 'place_id': None})
(763, {'status_code': 205, 'place_id': None})
(764, {'status_code': 205, 'place_id': None})
(765, {'status_code': 205, 'place_id': None})
(766, {'status_code': 205, 'place_id': None})
(767, {'status_code': 205, 'place_id': None})
(768, {'status_code': 205, 'place_id': None})
(769, {'status_code': 205, 'place_id': None})
(770, {'status_code': 205, 'place_id': None})
(771, {'status_code': 205, 'place_id': None})
(772, {'status_code': 205, 'place_id': None})
(773, {'status_code': 205, 'place_id': None})
(774, {'status_code': 205, 'place_id': None})
(775, {'status_code': 205, 'place_id': None})
(776, {'status_code': 205, 'place_id': None})
(777, {'status_code': 205, 'place_id': None})
(778, {'status_code': 201, 'place_id': u'ChIJcaBc1E8eRjcRor64LwQJLlo'})
(779, {'status_code': 205, 'place_id': None})
(780, {'status_code': 205, 'place_id': None})
(781, {'status_code': 205, 'place_id': None})
(782, {'status_code': 205, 'place_id': None})
(783, {'status_code': 205, 'place_id': None})
(784, {'status_code': 205, 'place_id': None})
(785, {'status_code': 205, 'place_id': None})
(786, {'status_code': 205, 'place_id': None})
(787, {'status_code': 205, 'place_id': None})
(788, {'status_code': 205, 'place_id': None})
(789, {'status_code': 205, 'place_id': None})
(790, {'status_code': 205, 'place_id': None})
(791, {'status_code': 205, 'place_id': None})
(792, {'status_code': 205, 'place_id': None})
(793, {'status_code': 205, 'place_id': None})
(794, {'status_code': 205, 'place_id': None})
(795, {'status_code': 205, 'place_id': None})
(796, {'status_code': 205, 'place_id': None})
(797, {'status_code': 205, 'place_id': None})
(798, {'status_code': 205, 'place_id': None})
(799, {'status_code': 205, 'place_id': None})
(800, {'status_code': 205, 'place_id': None})
(801, {'status_code': 205, 'place_id': None})
(802, {'status_code': 205, 'place_id': None})
(803, {'status_code': 205, 'place_id': None})
(804, {'status_code': 205, 'place_id': None})
(805, {'status_code': 205, 'place_id': None})
(806, {'status_code': 205, 'place_id': None})
(807, {'status_code': 201, 'place_id': u'ChIJUYfquPHhRTcRMG8iWx_Moa0'})
(808, {'status_code': 201, 'place_id': u'ChIJP5_ENorhRTcRo5B-FW80JkU'})
(809, {'status_code': 201, 'place_id': u'ChIJP9t3IoPhRTcRw6uRh_1GcaA'})
(810, {'status_code': 205, 'place_id': None})
(811, {'status_code': 205, 'place_id': None})
(812, {'status_code': 205, 'place_id': None})
(813, {'status_code': 205, 'place_id': None})
(814, {'status_code': 205, 'place_id': None})
(815, {'status_code': 205, 'place_id': None})
(816, {'status_code': 205, 'place_id': None})
(817, {'status_code': 205, 'place_id': None})
(818, {'status_code': 205, 'place_id': None})
(819, {'status_code': 205, 'place_id': None})
(820, {'status_code': 205, 'place_id': None})
(821, {'status_code': 205, 'place_id': None})
(822, {'status_code': 205, 'place_id': None})
(823, {'status_code': 205, 'place_id': None})
(824, {'status_code': 205, 'place_id': None})
(825, {'status_code': 205, 'place_id': None})
(826, {'status_code': 205, 'place_id': None})
(827, {'status_code': 205, 'place_id': None})
(828, {'status_code': 205, 'place_id': None})
(829, {'status_code': 205, 'place_id': None})
(830, {'status_code': 205, 'place_id': None})
(831, {'status_code': 205, 'place_id': None})
(832, {'status_code': 205, 'place_id': None})
(833, {'status_code': 205, 'place_id': None})
(834, {'status_code': 205, 'place_id': None})
(835, {'status_code': 205, 'place_id': None})
(836, {'status_code': 205, 'place_id': None})
(837, {'status_code': 205, 'place_id': None})
(838, {'status_code': 205, 'place_id': None})
(839, {'status_code': 205, 'place_id': None})
(840, {'status_code': 205, 'place_id': None})
(841, {'status_code': 201, 'place_id': u'ChIJTfevsZ3hRTcRyS4MigliRO4'})
(842, {'status_code': 205, 'place_id': None})
(843, {'status_code': 205, 'place_id': None})
(844, {'status_code': 201, 'place_id': u'ChIJHTRJCXYlujsRP5mY0zPROhw'})
(845, {'status_code': 205, 'place_id': None})
(846, {'status_code': 205, 'place_id': None})
(847, {'status_code': 205, 'place_id': None})
(848, {'status_code': 205, 'place_id': None})
(849, {'status_code': 205, 'place_id': None})
(850, {'status_code': 205, 'place_id': None})
(851, {'status_code': 205, 'place_id': None})
(852, {'status_code': 205, 'place_id': None})
(853, {'status_code': 205, 'place_id': None})
(854, {'status_code': 205, 'place_id': None})
(855, {'status_code': 205, 'place_id': None})
(856, {'status_code': 205, 'place_id': None})
(857, {'status_code': 205, 'place_id': None})
(858, {'status_code': 205, 'place_id': None})
(859, {'status_code': 201, 'place_id': u'ChIJxw8gKbpUTzcRM6Pa71_Scc4'})
(860, {'status_code': 205, 'place_id': None})
(861, {'status_code': 205, 'place_id': None})
(862, {'status_code': 205, 'place_id': None})
(863, {'status_code': 205, 'place_id': None})
(864, {'status_code': 205, 'place_id': None})
(865, {'status_code': 205, 'place_id': None})
(866, {'status_code': 205, 'place_id': None})
(867, {'status_code': 205, 'place_id': None})
(868, {'status_code': 205, 'place_id': None})
(869, {'status_code': 205, 'place_id': None})
(870, {'status_code': 205, 'place_id': None})
(871, {'status_code': 205, 'place_id': None})
(872, {'status_code': 205, 'place_id': None})
(873, {'status_code': 201, 'place_id': u'ChIJtRU4VCHiRTcRsEGQMH2Ahas'})
(874, {'status_code': 205, 'place_id': None})
(875, {'status_code': 205, 'place_id': None})
(876, {'status_code': 201, 'place_id': u'ChIJlRZEDmkhRjcRw3S1fRJB2YA'})
(877, {'status_code': 205, 'place_id': None})
(878, {'status_code': 201, 'place_id': u'ChIJl6k2-BWeSDcRp43OtY5SgSs'})
(879, {'status_code': 205, 'place_id': None})
(880, {'status_code': 205, 'place_id': None})
(881, {'status_code': 205, 'place_id': None})
(882, {'status_code': 205, 'place_id': None})
(883, {'status_code': 205, 'place_id': None})
(884, {'status_code': 205, 'place_id': None})
(885, {'status_code': 205, 'place_id': None})
(886, {'status_code': 205, 'place_id': None})
(887, {'status_code': 205, 'place_id': None})
(888, {'status_code': 205, 'place_id': None})
(889, {'status_code': 205, 'place_id': None})
(890, {'status_code': 205, 'place_id': None})
(891, {'status_code': 205, 'place_id': None})
(892, {'status_code': 205, 'place_id': None})
(893, {'status_code': 205, 'place_id': None})
(894, {'status_code': 205, 'place_id': None})
(895, {'status_code': 205, 'place_id': None})
(896, {'status_code': 205, 'place_id': None})
(897, {'status_code': 205, 'place_id': None})
(898, {'status_code': 205, 'place_id': None})
(899, {'status_code': 205, 'place_id': None})
(900, {'status_code': 205, 'place_id': None})
(901, {'status_code': 205, 'place_id': None})
(902, {'status_code': 205, 'place_id': None})
(903, {'status_code': 201, 'place_id': u'ChIJ3-tmjfPhRTcRpUgcnnIKpf4'})
(904, {'status_code': 201, 'place_id': u'ChIJD2spro_hRTcRnwscmwQrf_M'})
(905, {'status_code': 205, 'place_id': None})
(906, {'status_code': 205, 'place_id': None})
(907, {'status_code': 205, 'place_id': None})
(908, {'status_code': 205, 'place_id': None})
(909, {'status_code': 205, 'place_id': None})
(910, {'status_code': 205, 'place_id': None})
(911, {'status_code': 205, 'place_id': None})
(912, {'status_code': 205, 'place_id': None})
(913, {'status_code': 205, 'place_id': None})
(914, {'status_code': 205, 'place_id': None})
(915, {'status_code': 205, 'place_id': None})
(916, {'status_code': 205, 'place_id': None})
(917, {'status_code': 205, 'place_id': None})
(918, {'status_code': 205, 'place_id': None})
(919, {'status_code': 205, 'place_id': None})
(920, {'status_code': 205, 'place_id': None})
(921, {'status_code': 205, 'place_id': None})
(922, {'status_code': 205, 'place_id': None})
(923, {'status_code': 205, 'place_id': None})
(924, {'status_code': 201, 'place_id': u'ChIJ5Tax_Xz_RTcRXXoGv2O07To'})
(925, {'status_code': 205, 'place_id': None})
(926, {'status_code': 205, 'place_id': None})
(927, {'status_code': 205, 'place_id': None})
(928, {'status_code': 205, 'place_id': None})
(929, {'status_code': 205, 'place_id': None})
(930, {'status_code': 205, 'place_id': None})
(931, {'status_code': 205, 'place_id': None})
(932, {'status_code': 205, 'place_id': None})
(933, {'status_code': 205, 'place_id': None})
(934, {'status_code': 205, 'place_id': None})
(935, {'status_code': 205, 'place_id': None})
(936, {'status_code': 205, 'place_id': None})
(937, {'status_code': 201, 'place_id': u'ChIJBQFnwLIhRjcRZ3h9GYiV2Cw'})
(938, {'status_code': 205, 'place_id': None})
(939, {'status_code': 205, 'place_id': None})
(940, {'status_code': 205, 'place_id': None})
(941, {'status_code': 205, 'place_id': None})
(942, {'status_code': 205, 'place_id': None})
(943, {'status_code': 205, 'place_id': None})
(944, {'status_code': 205, 'place_id': None})
(945, {'status_code': 205, 'place_id': None})
(946, {'status_code': 205, 'place_id': None})
(947, {'status_code': 205, 'place_id': None})
(948, {'status_code': 201, 'place_id': u'ChIJsdevpPibRzcRloLkxWg1a1U'})
(949, {'status_code': 205, 'place_id': None})
(950, {'status_code': 205, 'place_id': None})
(951, {'status_code': 205, 'place_id': None})
(952, {'status_code': 201, 'place_id': u'ChIJiUew86XTRzcRZtfxlSKFPT4'})
(953, {'status_code': 205, 'place_id': None})
(954, {'status_code': 205, 'place_id': None})
(955, {'status_code': 205, 'place_id': None})
(956, {'status_code': 205, 'place_id': None})
(957, {'status_code': 205, 'place_id': None})
(958, {'status_code': 205, 'place_id': None})
(959, {'status_code': 205, 'place_id': None})
(960, {'status_code': 205, 'place_id': None})
(961, {'status_code': 205, 'place_id': None})
(962, {'status_code': 205, 'place_id': None})
(963, {'status_code': 205, 'place_id': None})
(964, {'status_code': 205, 'place_id': None})
(965, {'status_code': 205, 'place_id': None})
(966, {'status_code': 205, 'place_id': None})
(967, {'status_code': 205, 'place_id': None})
(968, {'status_code': 205, 'place_id': None})
(969, {'status_code': 205, 'place_id': None})
(970, {'status_code': 205, 'place_id': None})
(971, {'status_code': 205, 'place_id': None})
(972, {'status_code': 205, 'place_id': None})
(973, {'status_code': 205, 'place_id': None})
(974, {'status_code': 205, 'place_id': None})
(975, {'status_code': 205, 'place_id': None})
(976, {'status_code': 205, 'place_id': None})
(977, {'status_code': 205, 'place_id': None})
(978, {'status_code': 205, 'place_id': None})
(979, {'status_code': 205, 'place_id': None})
(980, {'status_code': 205, 'place_id': None})
(981, {'status_code': 205, 'place_id': None})
(982, {'status_code': 205, 'place_id': None})
(983, {'status_code': 205, 'place_id': None})
(984, {'status_code': 205, 'place_id': None})
(985, {'status_code': 205, 'place_id': None})
(986, {'status_code': 205, 'place_id': None})
(987, {'status_code': 205, 'place_id': None})
(988, {'status_code': 205, 'place_id': None})
(989, {'status_code': 205, 'place_id': None})
(990, {'status_code': 205, 'place_id': None})
(991, {'status_code': 205, 'place_id': None})
(992, {'status_code': 205, 'place_id': None})
(993, {'status_code': 205, 'place_id': None})
(994, {'status_code': 205, 'place_id': None})
(995, {'status_code': 205, 'place_id': None})
(996, {'status_code': 205, 'place_id': None})
(997, {'status_code': 205, 'place_id': None})
(998, {'status_code': 205, 'place_id': None})
(999, {'status_code': 205, 'place_id': None})
